<?xml version="1.0" encoding="UTF-8"?>
<!-- Generated by org.testng.reporters.JUnitReportReporter -->
<testsuite hostname="USER-PC" failures="0" tests="1" name="testRunners.TestRunner" time="76.667" errors="0" timestamp="02 Jan 2019 10:56:34 GMT" skipped="0">
  <testcase classname="testRunners.TestRunner" name="feature" time="76.667"/>
</testsuite> <!-- testRunners.TestRunner -->
